<?xml version="1.0" encoding="UTF-8"?>
<!-- Generated by org.testng.reporters.JUnitReportReporter -->
<testsuite hostname="DESKTOP-141UIPT" failures="0" tests="1" name="DifferentWaysToPostRequest.CreateProjectUsingJSONObject" time="2.546" errors="0" timestamp="2022-04-20T16:28:14 IST" skipped="0">
  <testcase classname="DifferentWaysToPostRequest.CreateProjectUsingJSONObject" name="CreateProject" time="2.546"/>
  <system-out/>
</testsuite> <!-- DifferentWaysToPostRequest.CreateProjectUsingJSONObject -->
