<?xml version="1.0" encoding="UTF-8"?>
<!-- Generated by org.testng.reporters.JUnitReportReporter -->
<testsuite hostname="DESKTOP-141UIPT" failures="0" tests="1" name="Authentication.BearerToken" time="4.056" errors="0" timestamp="2022-04-21T16:54:37 IST" skipped="0">
  <testcase classname="Authentication.BearerToken" name="bearerToken" time="4.056"/>
  <system-out/>
</testsuite> <!-- Authentication.BearerToken -->
