<?xml version="1.0" encoding="UTF-8"?>
<!-- Generated by org.testng.reporters.JUnitReportReporter -->
<testsuite hostname="DESKTOP-141UIPT" failures="0" tests="1" name="ParametersValidation.ParameterTestForGitHub" time="2.979" errors="0" timestamp="2022-04-23T10:51:15 IST" skipped="0">
  <testcase classname="ParametersValidation.ParameterTestForGitHub" name="parameterTest" time="2.979"/>
  <system-out/>
</testsuite> <!-- ParametersValidation.ParameterTestForGitHub -->
