<?xml version="1.0" encoding="UTF-8"?>
<!-- Generated by org.testng.reporters.JUnitReportReporter -->
<testsuite hostname="DESKTOP-141UIPT" failures="0" tests="1" name="CRUDoperationWithuotBDD.GetAllProjects" time="1.834" errors="0" timestamp="2022-04-20T12:54:11 IST" skipped="0">
  <testcase classname="CRUDoperationWithuotBDD.GetAllProjects" name="getAllProjects" time="1.834"/>
  <system-out/>
</testsuite> <!-- CRUDoperationWithuotBDD.GetAllProjects -->
