<?xml version="1.0" encoding="UTF-8"?>
<!-- Generated by org.testng.reporters.JUnitReportReporter -->
<testsuite hostname="DESKTOP-141UIPT" failures="0" tests="1" name="ParametersValidation.QueryParameter" time="2.596" errors="0" timestamp="2022-04-21T14:56:19 IST" skipped="0">
  <testcase classname="ParametersValidation.QueryParameter" name="queryParameter" time="2.596"/>
  <system-out/>
</testsuite> <!-- ParametersValidation.QueryParameter -->
