<?xml version="1.0" encoding="UTF-8"?>
<!-- Generated by org.testng.reporters.JUnitReportReporter -->
<testsuite hostname="DESKTOP-141UIPT" failures="0" tests="1" name="RequestChaining.RequestChainingPostandGet" time="3.105" errors="0" timestamp="2022-04-24T19:44:06 IST" skipped="0">
  <testcase classname="RequestChaining.RequestChainingPostandGet" name="RequestChaining" time="3.105"/>
  <system-out/>
</testsuite> <!-- RequestChaining.RequestChainingPostandGet -->
