<?xml version="1.0" encoding="UTF-8"?>
<!-- Generated by org.testng.reporters.JUnitReportReporter -->
<testsuite hostname="DESKTOP-141UIPT" failures="0" tests="1" name="ResponseValidation.StaticResponseValidation" time="2.889" errors="0" timestamp="2022-04-21T12:41:47 IST" skipped="0">
  <testcase classname="ResponseValidation.StaticResponseValidation" name="StaticResponse" time="2.889"/>
  <system-out/>
</testsuite> <!-- ResponseValidation.StaticResponseValidation -->
