<?xml version="1.0" encoding="UTF-8"?>
<!-- Generated by org.testng.reporters.JUnitReportReporter -->
<testsuite hostname="DESKTOP-141UIPT" failures="0" tests="1" name="CRUDoperationWithBDD.DeleteProjectTest" time="1.786" errors="0" timestamp="2022-04-20T15:02:27 IST" skipped="0">
  <testcase classname="CRUDoperationWithBDD.DeleteProjectTest" name="DeleteProject" time="1.786"/>
  <system-out/>
</testsuite> <!-- CRUDoperationWithBDD.DeleteProjectTest -->
