<?xml version="1.0" encoding="UTF-8"?>
<!-- Generated by org.testng.reporters.JUnitReportReporter -->
<testsuite hostname="DESKTOP-141UIPT" failures="0" tests="3" name="Authentication.BasicAuth" time="2.316" errors="0" timestamp="2022-04-21T16:35:18 IST" skipped="0">
  <testcase classname="Authentication.BasicAuth" name="basicAuth1" time="0.168"/>
  <system-out/>
  <testcase classname="Authentication.BasicAuth" name="basicAuth" time="1.993"/>
  <system-out/>
  <testcase classname="Authentication.BasicAuth" name="basicAuth2" time="0.155"/>
  <system-out/>
</testsuite> <!-- Authentication.BasicAuth -->
