<?xml version="1.0" encoding="UTF-8"?>
<!-- Generated by org.testng.reporters.JUnitReportReporter -->
<testsuite hostname="DESKTOP-141UIPT" failures="0" tests="1" name="DifferentWaysToPostRequest.CreateProjectUsingJSONFile" time="1.931" errors="0" timestamp="2022-04-20T17:26:47 IST" skipped="0">
  <testcase classname="DifferentWaysToPostRequest.CreateProjectUsingJSONFile" name="CreateProject" time="1.931"/>
  <system-out/>
</testsuite> <!-- DifferentWaysToPostRequest.CreateProjectUsingJSONFile -->
