<?xml version="1.0" encoding="UTF-8"?>
<!-- Generated by org.testng.reporters.JUnitReportReporter -->
<testsuite hostname="DESKTOP-141UIPT" failures="0" tests="1" name="DifferentWaysToPostRequest.CreateProjectUsingHashMap" time="2.342" errors="0" timestamp="2022-04-20T16:33:01 IST" skipped="0">
  <testcase classname="DifferentWaysToPostRequest.CreateProjectUsingHashMap" name="CreateProjectUsingHashMap" time="2.342"/>
  <system-out/>
</testsuite> <!-- DifferentWaysToPostRequest.CreateProjectUsingHashMap -->
