<?xml version="1.0" encoding="UTF-8"?>
<!-- Generated by org.testng.reporters.JUnitReportReporter -->
<testsuite hostname="DESKTOP-141UIPT" failures="0" tests="1" name="CRUDoperationWithBDD.CreateProject" time="2.436" errors="0" timestamp="2022-04-20T14:47:34 IST" skipped="0">
  <testcase classname="CRUDoperationWithBDD.CreateProject" name="CreateProject" time="2.436"/>
  <system-out/>
</testsuite> <!-- CRUDoperationWithBDD.CreateProject -->
