<?xml version="1.0" encoding="UTF-8"?>
<!-- Generated by org.testng.reporters.JUnitReportReporter -->
<testsuite hostname="DESKTOP-141UIPT" failures="0" tests="1" name="CRUDoperationWithuotBDD.CreateProjectTest" time="2.288" errors="0" timestamp="2022-04-20T12:53:31 IST" skipped="0">
  <testcase classname="CRUDoperationWithuotBDD.CreateProjectTest" name="createProject" time="2.288"/>
  <system-out/>
</testsuite> <!-- CRUDoperationWithuotBDD.CreateProjectTest -->
