<?xml version="1.0" encoding="UTF-8"?>
<!-- Generated by org.testng.reporters.JUnitReportReporter -->
<testsuite hostname="DESKTOP-141UIPT" failures="0" tests="1" name="ResponseValidation.ResponseTimeValidation" time="1.848" errors="0" timestamp="2022-04-21T13:22:54 IST" skipped="0">
  <testcase classname="ResponseValidation.ResponseTimeValidation" name="responseTimeValidation" time="1.848"/>
  <system-out/>
</testsuite> <!-- ResponseValidation.ResponseTimeValidation -->
