<?xml version="1.0" encoding="UTF-8"?>
<!-- Generated by org.testng.reporters.JUnitReportReporter -->
<testsuite hostname="DESKTOP-141UIPT" failures="0" tests="1" name="CRUDoperationWithuotBDD.CRUDOperation" time="2.120" errors="0" timestamp="2022-04-19T17:45:03 IST" skipped="0">
  <testcase classname="CRUDoperationWithuotBDD.CRUDOperation" name="getAllProjects" time="2.120"/>
  <system-out/>
</testsuite> <!-- CRUDoperationWithuotBDD.CRUDOperation -->
