<?xml version="1.0" encoding="UTF-8"?>
<!-- Generated by org.testng.reporters.JUnitReportReporter -->
<testsuite hostname="DESKTOP-141UIPT" failures="0" tests="1" name="RestAssuredFrameworkImplementation.FrameworkImplementation" time="2.483" errors="0" timestamp="2022-04-22T20:20:40 IST" skipped="0">
  <testcase classname="RestAssuredFrameworkImplementation.FrameworkImplementation" name="createProjectVerifyInDb" time="2.483"/>
  <system-out/>
</testsuite> <!-- RestAssuredFrameworkImplementation.FrameworkImplementation -->
