<?xml version="1.0" encoding="UTF-8"?>
<!-- Generated by org.testng.reporters.JUnitReportReporter -->
<testsuite hostname="DESKTOP-141UIPT" failures="0" tests="1" name="ParametersValidation.FormParameter" time="1.901" errors="0" timestamp="2022-04-21T15:20:45 IST" skipped="0">
  <testcase classname="ParametersValidation.FormParameter" name="formParameter" time="1.901"/>
  <system-out/>
</testsuite> <!-- ParametersValidation.FormParameter -->
