<?xml version="1.0" encoding="UTF-8"?>
<!-- Generated by org.testng.reporters.JUnitReportReporter -->
<testsuite hostname="DESKTOP-141UIPT" failures="0" tests="1" name="CRUDoperationWithuotBDD.UpdateTheProject" time="2.366" errors="0" timestamp="2022-04-20T12:55:29 IST" skipped="0">
  <testcase classname="CRUDoperationWithuotBDD.UpdateTheProject" name="UpdateProject" time="2.366"/>
  <system-out/>
</testsuite> <!-- CRUDoperationWithuotBDD.UpdateTheProject -->
