<?xml version="1.0" encoding="UTF-8"?>
<!-- Generated by org.testng.reporters.JUnitReportReporter -->
<testsuite hostname="DESKTOP-141UIPT" failures="0" tests="1" name="CRUDoperationWithuotBDD.DeleteTheProject" time="1.699" errors="0" timestamp="2022-04-20T12:56:00 IST" skipped="0">
  <testcase classname="CRUDoperationWithuotBDD.DeleteTheProject" name="deleteTheProject" time="1.699"/>
  <system-out/>
</testsuite> <!-- CRUDoperationWithuotBDD.DeleteTheProject -->
