<?xml version="1.0" encoding="UTF-8"?>
<!-- Generated by org.testng.reporters.JUnitReportReporter -->
<testsuite hostname="DESKTOP-141UIPT" failures="0" tests="1" name="RequestChaining.RequestChainingPostandDelete" time="2.903" errors="0" timestamp="2022-04-21T15:57:31 IST" skipped="0">
  <testcase classname="RequestChaining.RequestChainingPostandDelete" name="postAndDelete" time="2.903"/>
  <system-out/>
</testsuite> <!-- RequestChaining.RequestChainingPostandDelete -->
