<?xml version="1.0" encoding="UTF-8"?>
<!-- Generated by org.testng.reporters.JUnitReportReporter -->
<testsuite hostname="DESKTOP-141UIPT" failures="0" tests="3" name="ResponseValidation.CreateMultipleProjectWithDiffData" time="2.374" errors="0" timestamp="2022-04-21T13:13:39 IST" skipped="0">
  <testcase classname="ResponseValidation.CreateMultipleProjectWithDiffData" name="createMultipleProject" time="0.041"/>
  <system-out/>
  <testcase classname="ResponseValidation.CreateMultipleProjectWithDiffData" name="createMultipleProject" time="2.281"/>
  <system-out/>
  <testcase classname="ResponseValidation.CreateMultipleProjectWithDiffData" name="createMultipleProject" time="0.052"/>
  <system-out/>
</testsuite> <!-- ResponseValidation.CreateMultipleProjectWithDiffData -->
